<?xml version="1.0" encoding="UTF-8"?>
<!-- Generated by org.testng.reporters.JUnitXMLReporter -->
<testsuite hostname="waquars-air" ignored="0" name="Test" tests="6" failures="0" timestamp="17 Mar 2020 05:19:02 GMT" time="0.098" errors="0">
  <testcase name="tearDown" time="0.017" classname="checkingOrder.order"/>
  <testcase name="login" time="0.002" classname="checkingOrder.order"/>
  <testcase name="setUp" time="0.004" classname="checkingOrder.order"/>
  <testcase name="newsetUp" time="0.002" classname="checkingOrder.secondorder"/>
  <testcase name="newlogin" time="0.005" classname="checkingOrder.secondorder"/>
  <testcase name="newtearDown" time="0.002" classname="checkingOrder.secondorder"/>
</testsuite> <!-- Test -->
