<?xml version="1.0" encoding="UTF-8"?>
<!-- Generated by org.testng.reporters.JUnitXMLReporter -->
<testsuite hostname="waquars-air" ignored="0" name="Default test" tests="3" failures="0" timestamp="17 Mar 2020 05:07:22 GMT" time="0.084" errors="0">
  <testcase name="newtearDown" time="0.014" classname="checkingOrder.secondorder"/>
  <testcase name="newlogin" time="0.002" classname="checkingOrder.secondorder"/>
  <testcase name="newsetUp" time="0.002" classname="checkingOrder.secondorder"/>
</testsuite> <!-- Default test -->
