<?xml version="1.0" encoding="UTF-8"?>
<testng-results skipped="0" failed="0" ignored="0" total="1" passed="1">
  <reporter-output>
  </reporter-output>
  <suite name="Default suite" duration-ms="59" started-at="2020-02-24T04:47:29Z" finished-at="2020-02-24T04:47:29Z">
    <groups>
    </groups>
    <test name="Default test" duration-ms="59" started-at="2020-02-24T04:47:29Z" finished-at="2020-02-24T04:47:29Z">
      <class name="com.basic.ChecksoftAssert">
        <test-method status="PASS" signature="sum()[pri:0, instance:com.basic.ChecksoftAssert@6cc4c815]" name="sum" duration-ms="15" started-at="2020-02-24T04:47:29Z" finished-at="2020-02-24T04:47:29Z">
          <reporter-output>
          </reporter-output>
        </test-method> <!-- sum -->
      </class> <!-- com.basic.ChecksoftAssert -->
    </test> <!-- Default test -->
  </suite> <!-- Default suite -->
</testng-results>
